04/05/21--18:45:08 haspul1963 icat
04/06/21--11:22:34 haspul1963 icat
04/06/21--12:24:44 haspul1963 icat
04/06/21--14:49:47 haspul1963 icat
04/06/21--16:54:02 haspul1963 icat
04/06/21--17:15:21 haspul1963 icat
04/06/21--21:44:05 haspul1963 icat
04/06/21--21:46:31 haspul1963 icat
04/06/21--22:01:46 haspul1963 icat
04/06/21--22:16:36 haspul1963 icat
04/06/21--22:47:48 haspul1963 icat
04/07/21--07:10:07 haspul1963 icat
04/07/21--07:12:00 haspul1963 icat
04/07/21--07:13:47 haspul1963 icat
04/07/21--23:17:56 haspul1963 icat
04/08/21--11:12:17 haspul1963 icat
04/08/21--11:14:16 haspul1963 icat
04/08/21--11:32:13 haspul1963 icat
04/08/21--13:42:43 haspul1963 icat
04/08/21--14:24:39 haspul1963 icat
04/08/21--14:45:20 haspul1963 icat
04/08/21--14:49:25 haspul1963 icat
04/08/21--14:59:22 haspul1963 icat
04/08/21--19:08:28 haspul1963 icat
04/09/21--11:02:20 haspul1963 icat
04/09/21--13:40:01 haspul1963 icat
04/09/21--13:41:08 haspul1963 icat
04/09/21--13:50:57 haspul1963 icat
04/09/21--13:52:45 haspul1963 icat
04/09/21--13:55:55 haspul1963 icat
04/09/21--16:01:25 haspul1963 icat
04/09/21--16:06:28 haspul1963 icat
04/09/21--16:20:26 haspul1963 icat
04/09/21--16:22:57 haspul1963 icat
04/09/21--17:23:48 haspul1963 icat
04/09/21--17:36:01 haspul1963 icat
04/09/21--17:40:25 haspul1963 icat
04/09/21--19:05:32 haspul1963 icat
04/09/21--21:11:17 haspul1963 icat
04/09/21--21:21:34 haspul1963 icat
04/09/21--21:37:20 haspul1963 icat
04/09/21--21:40:57 haspul1963 icat
04/09/21--22:09:49 haspul1963 icat
04/09/21--22:12:28 haspul1963 icat
04/09/21--22:14:00 haspul1963 icat
04/09/21--22:17:02 haspul1963 icat
04/09/21--22:18:58 haspul1963 icat
04/09/21--22:22:16 haspul1963 icat
04/09/21--22:24:14 haspul1963 icat
04/09/21--22:25:49 haspul1963 icat
04/09/21--22:34:25 haspul1963 icat
04/10/21--00:04:45 haspul1963 icat
04/10/21--00:06:08 haspul1963 icat
04/10/21--00:08:27 haspul1963 icat
04/11/21--09:20:18 haspul1963 icat
04/11/21--09:37:56 haspul1963 icat
04/11/21--09:57:21 haspul1963 icat
04/11/21--10:31:02 haspul1963 icat
04/11/21--10:33:29 haspul1963 icat
04/11/21--10:34:32 haspul1963 icat
04/11/21--10:57:37 haspul1963 icat
04/11/21--11:05:33 haspul1963 icat
04/11/21--11:40:22 haspul1963 icat
04/11/21--11:43:16 haspul1963 icat
04/12/21--13:18:59 haspul1963 icat
04/12/21--14:08:54 haspul1963 icat
04/12/21--14:28:36 haspul1963 icat
04/12/21--14:32:10 haspul1963 icat
04/12/21--14:35:07 haspul1963 icat
04/12/21--15:05:24 haspul1963 icat
04/12/21--15:09:44 haspul1963 icat
04/12/21--15:14:16 haspul1963 icat
04/12/21--19:38:49 haspul1963 icat
04/13/21--15:44:29 haspul1963 icat
04/13/21--15:47:20 haspul1963 icat
04/13/21--23:12:52 haspul1963 icat
04/14/21--09:47:10 haspul1963 icat
04/14/21--14:08:33 haspul1963 icat
04/15/21--06:24:32 haspul1963 icat
04/15/21--14:10:25 haspul1963 icat
04/15/21--14:41:21 haspul1963 icat
04/15/21--15:54:09 haspul1963 icat
04/27/21--11:43:14 haspul1963 icat
05/11/21--16:35:13 haspul1963 icat
06/21/21--19:50:58 ahmadb irsyad
06/22/21--07:05:48 ahmadb irsyad
06/22/21--07:19:44 ahmadb irsyad
06/22/21--07:22:08 ahmadb irsyad
06/22/21--07:53:48 ahmadb irsyad
06/22/21--08:03:20 ahmadb irsyad
06/22/21--09:28:59 ahmadb irsyad
06/22/21--09:34:04 ahmadb irsyad
06/22/21--09:49:08 ahmadb irsyad
06/22/21--10:06:05 ahmadb irsyad
06/22/21--14:03:17 ahmadb irsyad
06/22/21--14:05:06 ahmadb irsyad
06/22/21--14:11:17 ahmadb irsyad
06/22/21--14:15:33 ahmadb irsyad
06/22/21--14:22:30 ahmadb irsyad
06/22/21--14:34:40 ahmadb irsyad
06/22/21--14:48:21 ahmadb irsyad
06/22/21--19:04:04 ahmadb irsyad
06/22/21--19:25:50 ahmadb irsyad
06/22/21--22:18:56 ahmadb irsyad
06/23/21--08:01:20 ahmadb irsyad
07/17/21--15:18:50 muhanshor azzahh
07/17/21--21:10:57 muhanshor azzahh
07/17/21--21:23:32 muhanshor azzahh
07/17/21--21:36:22 ahmads ilhams
07/18/21--09:30:55 ahmads ilhams
07/18/21--10:51:21 ahmads ilhams
07/18/21--12:29:36 ahmadsubarii haris
07/26/21--22:11:49 admin admin
07/26/21--22:45:55 admin admin
07/26/21--22:48:17 admin admin
07/26/21--22:50:35 admin admin
07/27/21--10:42:37 admin admin
07/27/21--10:49:52 suhaila123 syamsu
07/27/21--11:55:10 azzahhania fabs
07/27/21--13:14:50 azzahhania fabs
07/27/21--13:18:25 azzahhania fabs
07/27/21--13:20:05 azzahhania fabs
07/27/21--13:21:40 admin admin
07/27/21--13:57:49 azzahhaniad fab
07/27/21--14:16:09 azzahhaniadd nfab
07/27/21--14:32:24 azzahd nurfa
07/27/21--14:43:57 azzahds fabianans
07/27/21--20:39:04 admin admin
07/27/21--20:46:18 admin admin
07/27/21--21:15:08 azzahh nurfa
07/31/21--07:16:08 azzahh nurfa
